Start testing: Mar 17 09:06 UTC
----------------------------------------------------------
1/1 Testing: DemoRuns
1/1 Test: DemoRuns
Command: "/workspaces/TutorialForCLang/examples/工具链/编译配套工具/usecmake/build/test/vectorTest"
Directory: /workspaces/TutorialForCLang/examples/工具链/编译配套工具/usecmake
"DemoRuns" start time: Mar 17 09:06 UTC
Output:
----------------------------------------------------------
mod(A)=2.236068
mod(B)=5.000000
mul(A,B)=11.000000
add(A,B)=<4.000000,6.000000>
<end of output>
Test time =   0.00 sec
----------------------------------------------------------
Test Passed.
"DemoRuns" end time: Mar 17 09:06 UTC
"DemoRuns" time elapsed: 00:00:00
----------------------------------------------------------

End testing: Mar 17 09:06 UTC
